<?xml version="1.0" encoding="UTF-8"?>
<testsuite name="org.example.springboot.web.HelloControllerTest" tests="2" skipped="0" failures="0" errors="0" timestamp="2022-02-15T21:26:53" hostname="DESKTOP-MJ6S4OA" time="0.284">
  <properties/>
  <testcase name="hello가_리턴된다" classname="org.example.springboot.web.HelloControllerTest" time="0.12"/>
  <testcase name="helloDto가_리턴된다" classname="org.example.springboot.web.HelloControllerTest" time="0.163"/>
  <system-out><![CDATA[2022-02-16 06:26:51.408  INFO 18404 --- [    Test worker] .b.t.a.w.s.WebMvcTestContextBootstrapper : Neither @ContextConfiguration nor @ContextHierarchy found for test class [org.example.springboot.web.HelloControllerTest], using SpringBootContextLoader
2022-02-16 06:26:51.411  INFO 18404 --- [    Test worker] o.s.t.c.support.AbstractContextLoader    : Could not detect default resource locations for test class [org.example.springboot.web.HelloControllerTest]: no resource found for suffixes {-context.xml, Context.groovy}.
2022-02-16 06:26:51.411  INFO 18404 --- [    Test worker] t.c.s.AnnotationConfigContextLoaderUtils : Could not detect default configuration classes for test class [org.example.springboot.web.HelloControllerTest]: HelloControllerTest does not declare any static, non-private, non-final, nested classes annotated with @Configuration.
2022-02-16 06:26:51.456  INFO 18404 --- [    Test worker] .b.t.c.SpringBootTestContextBootstrapper : Found @SpringBootConfiguration org.example.springboot.Application for test class org.example.springboot.web.HelloControllerTest
2022-02-16 06:26:51.457  INFO 18404 --- [    Test worker] .b.t.a.w.s.WebMvcTestContextBootstrapper : Loaded default TestExecutionListener class names from location [META-INF/spring.factories]: [org.springframework.security.test.context.support.WithSecurityContextTestExecutionListener, org.springframework.security.test.context.support.ReactorContextTestExecutionListener, org.springframework.boot.test.autoconfigure.restdocs.RestDocsTestExecutionListener, org.springframework.boot.test.autoconfigure.web.client.MockRestServiceServerResetTestExecutionListener, org.springframework.boot.test.autoconfigure.web.servlet.MockMvcPrintOnlyOnFailureTestExecutionListener, org.springframework.boot.test.autoconfigure.web.servlet.WebDriverTestExecutionListener, org.springframework.boot.test.mock.mockito.MockitoTestExecutionListener, org.springframework.boot.test.mock.mockito.ResetMocksTestExecutionListener, org.springframework.test.context.web.ServletTestExecutionListener, org.springframework.test.context.support.DirtiesContextBeforeModesTestExecutionListener, org.springframework.test.context.support.DependencyInjectionTestExecutionListener, org.springframework.test.context.support.DirtiesContextTestExecutionListener, org.springframework.test.context.transaction.TransactionalTestExecutionListener, org.springframework.test.context.jdbc.SqlScriptsTestExecutionListener]
2022-02-16 06:26:51.461  INFO 18404 --- [    Test worker] .b.t.a.w.s.WebMvcTestContextBootstrapper : Using TestExecutionListeners: [org.springframework.test.context.web.ServletTestExecutionListener@6ebaf01c, org.springframework.test.context.support.DirtiesContextBeforeModesTestExecutionListener@1956f319, org.springframework.boot.test.mock.mockito.MockitoTestExecutionListener@50b3d8b7, org.springframework.boot.test.autoconfigure.SpringBootDependencyInjectionTestExecutionListener@187418d1, org.springframework.test.context.support.DirtiesContextTestExecutionListener@21f721d3, org.springframework.test.context.transaction.TransactionalTestExecutionListener@f17d0cf, org.springframework.test.context.jdbc.SqlScriptsTestExecutionListener@412fc7fa, org.springframework.security.test.context.support.WithSecurityContextTestExecutionListener@79a5ed9e, org.springframework.security.test.context.support.ReactorContextTestExecutionListener@61c4a2c0, org.springframework.boot.test.autoconfigure.restdocs.RestDocsTestExecutionListener@50e4879f, org.springframework.boot.test.autoconfigure.web.client.MockRestServiceServerResetTestExecutionListener@6fcb8a6e, org.springframework.boot.test.autoconfigure.web.servlet.MockMvcPrintOnlyOnFailureTestExecutionListener@39545314, org.springframework.boot.test.autoconfigure.web.servlet.WebDriverTestExecutionListener@7d42245c, org.springframework.boot.test.mock.mockito.ResetMocksTestExecutionListener@9ee9c14]

  .   ____          _            __ _ _
 /\\ / ___'_ __ _ _(_)_ __  __ _ \ \ \ \
( ( )\___ | '_ | '_| | '_ \/ _` | \ \ \ \
 \\/  ___)| |_)| | | | | || (_| |  ) ) ) )
  '  |____| .__|_| |_|_| |_\__, | / / / /
 =========|_|==============|___/=/_/_/_/
 :: Spring Boot ::        (v2.1.7.RELEASE)

2022-02-16 06:26:51.553  INFO 18404 --- [    Test worker] o.e.springboot.web.HelloControllerTest   : Starting HelloControllerTest on DESKTOP-MJ6S4OA with PID 18404 (started by meari in C:\springboot)
2022-02-16 06:26:51.554  INFO 18404 --- [    Test worker] o.e.springboot.web.HelloControllerTest   : No active profile set, falling back to default profiles: default
2022-02-16 06:26:52.427  INFO 18404 --- [    Test worker] o.s.s.concurrent.ThreadPoolTaskExecutor  : Initializing ExecutorService 'applicationTaskExecutor'
2022-02-16 06:26:52.483  INFO 18404 --- [    Test worker] o.s.b.a.w.s.WelcomePageHandlerMapping    : Adding welcome page template: index
2022-02-16 06:26:52.836  INFO 18404 --- [    Test worker] .s.s.UserDetailsServiceAutoConfiguration : 

Using generated security password: 339596ba-3bb2-4709-9e82-9ed1d26b0ea5

2022-02-16 06:26:53.075  INFO 18404 --- [    Test worker] o.s.s.web.DefaultSecurityFilterChain     : Creating filter chain: any request, [org.springframework.security.web.context.request.async.WebAsyncManagerIntegrationFilter@416b0749, org.springframework.security.web.context.SecurityContextPersistenceFilter@4a645f0c, org.springframework.security.web.header.HeaderWriterFilter@41976db7, org.springframework.security.web.csrf.CsrfFilter@3d9042cf, org.springframework.security.web.authentication.logout.LogoutFilter@79d1bc4a, org.springframework.security.web.authentication.UsernamePasswordAuthenticationFilter@5fa41d1a, org.springframework.security.web.authentication.ui.DefaultLoginPageGeneratingFilter@35d57ad, org.springframework.security.web.authentication.ui.DefaultLogoutPageGeneratingFilter@4285404a, org.springframework.security.web.authentication.www.BasicAuthenticationFilter@5a06418a, org.springframework.security.web.savedrequest.RequestCacheAwareFilter@71305ba6, org.springframework.security.web.servletapi.SecurityContextHolderAwareRequestFilter@bb07ae2, org.springframework.security.web.authentication.AnonymousAuthenticationFilter@2ae75381, org.springframework.security.web.session.SessionManagementFilter@7e2ec970, org.springframework.security.web.access.ExceptionTranslationFilter@617b4284, org.springframework.security.web.access.intercept.FilterSecurityInterceptor@59d7dac0]
2022-02-16 06:26:53.140  INFO 18404 --- [    Test worker] o.s.b.t.m.w.SpringBootMockServletContext : Initializing Spring TestDispatcherServlet ''
2022-02-16 06:26:53.141  INFO 18404 --- [    Test worker] o.s.t.web.servlet.TestDispatcherServlet  : Initializing Servlet ''
2022-02-16 06:26:53.164  INFO 18404 --- [    Test worker] o.s.t.web.servlet.TestDispatcherServlet  : Completed initialization in 23 ms
2022-02-16 06:26:53.217  INFO 18404 --- [    Test worker] o.e.springboot.web.HelloControllerTest   : Started HelloControllerTest in 1.74 seconds (JVM running for 16.581)
]]></system-out>
  <system-err><![CDATA[]]></system-err>
</testsuite>
