<?xml version="1.0" encoding="UTF-8"?>
<testsuite name="org.example.springboot.web.IndexControllerTest" tests="1" skipped="0" failures="0" errors="0" timestamp="2022-01-21T12:43:26" hostname="DESKTOP-MJ6S4OA" time="0.308">
  <properties/>
  <testcase name="메인페이지_로딩" classname="org.example.springboot.web.IndexControllerTest" time="0.308"/>
  <system-out><![CDATA[2022-01-21 21:43:22.448  INFO 11460 --- [    Test worker] .b.t.c.SpringBootTestContextBootstrapper : Neither @ContextConfiguration nor @ContextHierarchy found for test class [org.example.springboot.web.IndexControllerTest], using SpringBootContextLoader
2022-01-21 21:43:22.450  INFO 11460 --- [    Test worker] o.s.t.c.support.AbstractContextLoader    : Could not detect default resource locations for test class [org.example.springboot.web.IndexControllerTest]: no resource found for suffixes {-context.xml, Context.groovy}.
2022-01-21 21:43:22.450  INFO 11460 --- [    Test worker] t.c.s.AnnotationConfigContextLoaderUtils : Could not detect default configuration classes for test class [org.example.springboot.web.IndexControllerTest]: IndexControllerTest does not declare any static, non-private, non-final, nested classes annotated with @Configuration.
2022-01-21 21:43:22.454  INFO 11460 --- [    Test worker] .b.t.c.SpringBootTestContextBootstrapper : Found @SpringBootConfiguration org.example.springboot.Application for test class org.example.springboot.web.IndexControllerTest
2022-01-21 21:43:22.456  INFO 11460 --- [    Test worker] .b.t.c.SpringBootTestContextBootstrapper : Loaded default TestExecutionListener class names from location [META-INF/spring.factories]: [org.springframework.security.test.context.support.WithSecurityContextTestExecutionListener, org.springframework.security.test.context.support.ReactorContextTestExecutionListener, org.springframework.boot.test.autoconfigure.restdocs.RestDocsTestExecutionListener, org.springframework.boot.test.autoconfigure.web.client.MockRestServiceServerResetTestExecutionListener, org.springframework.boot.test.autoconfigure.web.servlet.MockMvcPrintOnlyOnFailureTestExecutionListener, org.springframework.boot.test.autoconfigure.web.servlet.WebDriverTestExecutionListener, org.springframework.boot.test.mock.mockito.MockitoTestExecutionListener, org.springframework.boot.test.mock.mockito.ResetMocksTestExecutionListener, org.springframework.test.context.web.ServletTestExecutionListener, org.springframework.test.context.support.DirtiesContextBeforeModesTestExecutionListener, org.springframework.test.context.support.DependencyInjectionTestExecutionListener, org.springframework.test.context.support.DirtiesContextTestExecutionListener, org.springframework.test.context.transaction.TransactionalTestExecutionListener, org.springframework.test.context.jdbc.SqlScriptsTestExecutionListener]
2022-01-21 21:43:22.459  INFO 11460 --- [    Test worker] .b.t.c.SpringBootTestContextBootstrapper : Using TestExecutionListeners: [org.springframework.test.context.web.ServletTestExecutionListener@4cb63aa7, org.springframework.test.context.support.DirtiesContextBeforeModesTestExecutionListener@232a6ca7, org.springframework.boot.test.mock.mockito.MockitoTestExecutionListener@50decacc, org.springframework.boot.test.autoconfigure.SpringBootDependencyInjectionTestExecutionListener@50b5e1cb, org.springframework.test.context.support.DirtiesContextTestExecutionListener@2dab8a78, org.springframework.test.context.transaction.TransactionalTestExecutionListener@5d94943e, org.springframework.test.context.jdbc.SqlScriptsTestExecutionListener@7b3abdea, org.springframework.security.test.context.support.WithSecurityContextTestExecutionListener@47eb0ff, org.springframework.security.test.context.support.ReactorContextTestExecutionListener@75f71242, org.springframework.boot.test.autoconfigure.restdocs.RestDocsTestExecutionListener@c3b5da6, org.springframework.boot.test.autoconfigure.web.client.MockRestServiceServerResetTestExecutionListener@22406426, org.springframework.boot.test.autoconfigure.web.servlet.MockMvcPrintOnlyOnFailureTestExecutionListener@53c8c1d9, org.springframework.boot.test.autoconfigure.web.servlet.WebDriverTestExecutionListener@1ee0bce0, org.springframework.boot.test.mock.mockito.ResetMocksTestExecutionListener@48e014f7]

  .   ____          _            __ _ _
 /\\ / ___'_ __ _ _(_)_ __  __ _ \ \ \ \
( ( )\___ | '_ | '_| | '_ \/ _` | \ \ \ \
 \\/  ___)| |_)| | | | | || (_| |  ) ) ) )
  '  |____| .__|_| |_|_| |_\__, | / / / /
 =========|_|==============|___/=/_/_/_/
 :: Spring Boot ::        (v2.1.7.RELEASE)

2022-01-21 21:43:22.551  INFO 11460 --- [    Test worker] o.e.springboot.web.IndexControllerTest   : Starting IndexControllerTest on DESKTOP-MJ6S4OA with PID 11460 (started by meari in C:\springboot)
2022-01-21 21:43:22.553  INFO 11460 --- [    Test worker] o.e.springboot.web.IndexControllerTest   : No active profile set, falling back to default profiles: default
2022-01-21 21:43:23.093  INFO 11460 --- [    Test worker] .s.d.r.c.RepositoryConfigurationDelegate : Bootstrapping Spring Data repositories in DEFAULT mode.
2022-01-21 21:43:23.152  INFO 11460 --- [    Test worker] .s.d.r.c.RepositoryConfigurationDelegate : Finished Spring Data repository scanning in 59ms. Found 2 repository interfaces.
2022-01-21 21:43:23.322  INFO 11460 --- [    Test worker] trationDelegate$BeanPostProcessorChecker : Bean 'org.springframework.transaction.annotation.ProxyTransactionManagementConfiguration' of type [org.springframework.transaction.annotation.ProxyTransactionManagementConfiguration$$EnhancerBySpringCGLIB$$41678192] is not eligible for getting processed by all BeanPostProcessors (for example: not eligible for auto-proxying)
2022-01-21 21:43:23.841  INFO 11460 --- [    Test worker] o.s.b.w.embedded.tomcat.TomcatWebServer  : Tomcat initialized with port(s): 0 (http)
2022-01-21 21:43:23.912  INFO 11460 --- [    Test worker] o.apache.catalina.core.StandardService   : Starting service [Tomcat]
2022-01-21 21:43:23.913  INFO 11460 --- [    Test worker] org.apache.catalina.core.StandardEngine  : Starting Servlet engine: [Apache Tomcat/9.0.22]
2022-01-21 21:43:24.289  INFO 11460 --- [    Test worker] o.a.c.c.C.[Tomcat].[localhost].[/]       : Initializing Spring embedded WebApplicationContext
2022-01-21 21:43:24.290  INFO 11460 --- [    Test worker] o.s.web.context.ContextLoader            : Root WebApplicationContext: initialization completed in 1729 ms
2022-01-21 21:43:24.676  INFO 11460 --- [    Test worker] com.zaxxer.hikari.HikariDataSource       : HikariPool-2 - Starting...
2022-01-21 21:43:24.678  INFO 11460 --- [    Test worker] com.zaxxer.hikari.HikariDataSource       : HikariPool-2 - Start completed.
2022-01-21 21:43:24.765  INFO 11460 --- [    Test worker] o.hibernate.jpa.internal.util.LogHelper  : HHH000204: Processing PersistenceUnitInfo [
	name: default
	...]
2022-01-21 21:43:24.790  INFO 11460 --- [    Test worker] org.hibernate.dialect.Dialect            : HHH000400: Using dialect: org.hibernate.dialect.MySQL5InnoDBDialect
Hibernate: drop table if exists posts
Hibernate: drop table if exists user
Hibernate: create table posts (id bigint not null auto_increment, created_date datetime, modified_date datetime, author varchar(255), content TEXT not null, title varchar(500) not null, primary key (id)) engine=InnoDB
Hibernate: create table user (id bigint not null auto_increment, created_date datetime, modified_date datetime, email varchar(255) not null, name varchar(255) not null, picture varchar(255), role varchar(255) not null, primary key (id)) engine=InnoDB
2022-01-21 21:43:24.911  INFO 11460 --- [    Test worker] o.h.t.schema.internal.SchemaCreatorImpl  : HHH000476: Executing import script 'org.hibernate.tool.schema.internal.exec.ScriptSourceInputNonExistentImpl@1c2fb4c8'
2022-01-21 21:43:24.911  INFO 11460 --- [    Test worker] j.LocalContainerEntityManagerFactoryBean : Initialized JPA EntityManagerFactory for persistence unit 'default'
2022-01-21 21:43:25.521  INFO 11460 --- [    Test worker] o.h.h.i.QueryTranslatorFactoryInitiator  : HHH000397: Using ASTQueryTranslatorFactory
2022-01-21 21:43:25.776  INFO 11460 --- [    Test worker] o.s.s.web.DefaultSecurityFilterChain     : Creating filter chain: any request, [org.springframework.security.web.context.request.async.WebAsyncManagerIntegrationFilter@20374700, org.springframework.security.web.context.SecurityContextPersistenceFilter@7e815cb2, org.springframework.security.web.header.HeaderWriterFilter@6aa63468, org.springframework.security.web.authentication.logout.LogoutFilter@264dfc2a, org.springframework.security.oauth2.client.web.OAuth2AuthorizationRequestRedirectFilter@6e2810cc, org.springframework.security.oauth2.client.web.OAuth2LoginAuthenticationFilter@596f138a, org.springframework.security.web.authentication.ui.DefaultLoginPageGeneratingFilter@52dd5e0f, org.springframework.security.web.authentication.ui.DefaultLogoutPageGeneratingFilter@30050562, org.springframework.security.web.savedrequest.RequestCacheAwareFilter@7f27b36c, org.springframework.security.web.servletapi.SecurityContextHolderAwareRequestFilter@24f9dd94, org.springframework.security.web.authentication.AnonymousAuthenticationFilter@1e05ddde, org.springframework.security.web.session.SessionManagementFilter@14bc5dd1, org.springframework.security.web.access.ExceptionTranslationFilter@6d5d9f59, org.springframework.security.web.access.intercept.FilterSecurityInterceptor@3026400]
2022-01-21 21:43:26.116  INFO 11460 --- [    Test worker] o.s.s.concurrent.ThreadPoolTaskExecutor  : Initializing ExecutorService 'applicationTaskExecutor'
2022-01-21 21:43:26.142  WARN 11460 --- [    Test worker] aWebConfiguration$JpaWebMvcConfiguration : spring.jpa.open-in-view is enabled by default. Therefore, database queries may be performed during view rendering. Explicitly configure spring.jpa.open-in-view to disable this warning
2022-01-21 21:43:26.190  INFO 11460 --- [    Test worker] o.s.b.a.w.s.WelcomePageHandlerMapping    : Adding welcome page template: index
2022-01-21 21:43:26.577  INFO 11460 --- [    Test worker] s.a.ScheduledAnnotationBeanPostProcessor : No TaskScheduler/ScheduledExecutorService bean found for scheduled processing
2022-01-21 21:43:26.608  INFO 11460 --- [    Test worker] o.s.b.w.embedded.tomcat.TomcatWebServer  : Tomcat started on port(s): 2636 (http) with context path ''
2022-01-21 21:43:26.610  INFO 11460 --- [    Test worker] o.e.springboot.web.IndexControllerTest   : Started IndexControllerTest in 4.146 seconds (JVM running for 21.344)
2022-01-21 21:43:26.769  INFO 11460 --- [o-auto-1-exec-1] o.a.c.c.C.[Tomcat].[localhost].[/]       : Initializing Spring DispatcherServlet 'dispatcherServlet'
2022-01-21 21:43:26.770  INFO 11460 --- [o-auto-1-exec-1] o.s.web.servlet.DispatcherServlet        : Initializing Servlet 'dispatcherServlet'
2022-01-21 21:43:26.806  INFO 11460 --- [o-auto-1-exec-1] o.s.web.servlet.DispatcherServlet        : Completed initialization in 35 ms
Hibernate: select posts0_.id as id1_0_, posts0_.created_date as created_2_0_, posts0_.modified_date as modified3_0_, posts0_.author as author4_0_, posts0_.content as content5_0_, posts0_.title as title6_0_ from posts posts0_ order by posts0_.id DESC
]]></system-out>
  <system-err><![CDATA[]]></system-err>
</testsuite>
